# JRE version: OpenJDK Runtime Environment (21.0.4) (build 21.0.4+-12508038-b607.1)
# Java VM: OpenJDK 64-Bit Server VM (21.0.4+-12508038-b607.1, mixed mode, tiered, compressed oops, compressed class ptrs, g1 gc, windows-amd64)
GC Precious Log:
 CardTable entry size: 512
 Card Set container configuration: InlinePtr #cards 5 size 8 Array Of Cards #cards 12 size 40 Howl #buckets 4 coarsen threshold 1843 Howl Bitmap #cards 512 size 80 coarsen threshold 460 Card regions per heap region 1 cards per card region 2048
 CPUs: 8 total, 8 available
 Memory: 8025M
 Large Page Support: Disabled
 NUMA Support: Disabled
 Compressed Oops: Enabled (32-bit)
 Heap Region Size: 1M
 Heap Min Capacity: 8M
 Heap Initial Capacity: 126M
 Heap Max Capacity: 2G
 Pre-touch: Disabled
 Parallel Workers: 8
 Concurrent Workers: 2
 Concurrent Refinement Workers: 8
 Periodic GC: Disabled
Heap:
 garbage-first heap   total 218112K, used 135702K [0x0000000080000000, 0x0000000100000000)
  region size 1024K, 9 young (9216K), 9 survivors (9216K)
 Metaspace       used 116973K, committed 119232K, reserved 1179648K
  class space    used 15837K, committed 16960K, reserved 1048576K
GC Heap History (20 events):
Event: 11.637 GC heap after
{Heap after GC invocations=36 (full 0):
 garbage-first heap   total 178176K, used 98862K [0x0000000080000000, 0x0000000100000000)
  region size 1024K, 6 young (6144K), 6 survivors (6144K)
 Metaspace       used 91138K, committed 93056K, reserved 1179648K
  class space    used 12223K, committed 13184K, reserved 1048576K
}
Event: 12.376 GC heap before
{Heap before GC invocations=36 (full 0):
 garbage-first heap   total 178176K, used 155182K [0x0000000080000000, 0x0000000100000000)
  region size 1024K, 61 young (62464K), 6 survivors (6144K)
 Metaspace       used 95731K, committed 97664K, reserved 1179648K
  class space    used 13032K, committed 14016K, reserved 1048576K
}
Event: 12.380 GC heap after
{Heap after GC invocations=37 (full 0):
 garbage-first heap   total 178176K, used 100334K [0x0000000080000000, 0x0000000100000000)
  region size 1024K, 3 young (3072K), 3 survivors (3072K)
 Metaspace       used 95731K, committed 97664K, reserved 1179648K
  class space    used 13032K, committed 14016K, reserved 1048576K
}
Event: 13.115 GC heap before
{Heap before GC invocations=37 (full 0):
 garbage-first heap   total 178176K, used 157678K [0x0000000080000000, 0x0000000100000000)
  region size 1024K, 59 young (60416K), 3 survivors (3072K)
 Metaspace       used 99605K, committed 101696K, reserved 1179648K
  class space    used 13602K, committed 14656K, reserved 1048576K
}
Event: 13.120 GC heap after
{Heap after GC invocations=38 (full 0):
 garbage-first heap   total 178176K, used 103430K [0x0000000080000000, 0x0000000100000000)
  region size 1024K, 6 young (6144K), 6 survivors (6144K)
 Metaspace       used 99605K, committed 101696K, reserved 1179648K
  class space    used 13602K, committed 14656K, reserved 1048576K
}
Event: 25.361 GC heap before
{Heap before GC invocations=39 (full 0):
 garbage-first heap   total 178176K, used 159750K [0x0000000080000000, 0x0000000100000000)
  region size 1024K, 61 young (62464K), 6 survivors (6144K)
 Metaspace       used 103145K, committed 105280K, reserved 1179648K
  class space    used 14224K, committed 15360K, reserved 1048576K
}
Event: 25.367 GC heap after
{Heap after GC invocations=40 (full 0):
 garbage-first heap   total 178176K, used 106616K [0x0000000080000000, 0x0000000100000000)
  region size 1024K, 7 young (7168K), 7 survivors (7168K)
 Metaspace       used 103145K, committed 105280K, reserved 1179648K
  class space    used 14224K, committed 15360K, reserved 1048576K
}
Event: 25.697 GC heap before
{Heap before GC invocations=40 (full 0):
 garbage-first heap   total 178176K, used 158840K [0x0000000080000000, 0x0000000100000000)
  region size 1024K, 59 young (60416K), 7 survivors (7168K)
 Metaspace       used 103401K, committed 105600K, reserved 1179648K
  class space    used 14225K, committed 15360K, reserved 1048576K
}
Event: 25.703 GC heap after
{Heap after GC invocations=41 (full 0):
 garbage-first heap   total 178176K, used 108105K [0x0000000080000000, 0x0000000100000000)
  region size 1024K, 7 young (7168K), 7 survivors (7168K)
 Metaspace       used 103401K, committed 105600K, reserved 1179648K
  class space    used 14225K, committed 15360K, reserved 1048576K
}
Event: 26.175 GC heap before
{Heap before GC invocations=41 (full 0):
 garbage-first heap   total 178176K, used 159305K [0x0000000080000000, 0x0000000100000000)
  region size 1024K, 57 young (58368K), 7 survivors (7168K)
 Metaspace       used 105233K, committed 107456K, reserved 1179648K
  class space    used 14441K, committed 15552K, reserved 1048576K
}
Event: 26.182 GC heap after
{Heap after GC invocations=42 (full 0):
 garbage-first heap   total 178176K, used 112973K [0x0000000080000000, 0x0000000100000000)
  region size 1024K, 8 young (8192K), 8 survivors (8192K)
 Metaspace       used 105233K, committed 107456K, reserved 1179648K
  class space    used 14441K, committed 15552K, reserved 1048576K
}
Event: 26.705 GC heap before
{Heap before GC invocations=43 (full 0):
 garbage-first heap   total 189440K, used 159053K [0x0000000080000000, 0x0000000100000000)
  region size 1024K, 53 young (54272K), 8 survivors (8192K)
 Metaspace       used 109575K, committed 111744K, reserved 1179648K
  class space    used 15043K, committed 16128K, reserved 1048576K
}
Event: 26.711 GC heap after
{Heap after GC invocations=44 (full 0):
 garbage-first heap   total 189440K, used 115838K [0x0000000080000000, 0x0000000100000000)
  region size 1024K, 3 young (3072K), 3 survivors (3072K)
 Metaspace       used 109575K, committed 111744K, reserved 1179648K
  class space    used 15043K, committed 16128K, reserved 1048576K
}
Event: 27.174 GC heap before
{Heap before GC invocations=44 (full 0):
 garbage-first heap   total 189440K, used 174206K [0x0000000080000000, 0x0000000100000000)
  region size 1024K, 60 young (61440K), 3 survivors (3072K)
 Metaspace       used 112352K, committed 114560K, reserved 1179648K
  class space    used 15395K, committed 16512K, reserved 1048576K
}
Event: 27.180 GC heap after
{Heap after GC invocations=45 (full 0):
 garbage-first heap   total 189440K, used 120538K [0x0000000080000000, 0x0000000100000000)
  region size 1024K, 8 young (8192K), 8 survivors (8192K)
 Metaspace       used 112352K, committed 114560K, reserved 1179648K
  class space    used 15395K, committed 16512K, reserved 1048576K
}
Event: 27.677 GC heap before
{Heap before GC invocations=45 (full 0):
 garbage-first heap   total 189440K, used 170714K [0x0000000080000000, 0x0000000100000000)
  region size 1024K, 57 young (58368K), 8 survivors (8192K)
 Metaspace       used 113242K, committed 115392K, reserved 1179648K
  class space    used 15490K, committed 16576K, reserved 1048576K
}
Event: 27.685 GC heap after
{Heap after GC invocations=46 (full 0):
 garbage-first heap   total 189440K, used 127302K [0x0000000080000000, 0x0000000100000000)
  region size 1024K, 7 young (7168K), 7 survivors (7168K)
 Metaspace       used 113242K, committed 115392K, reserved 1179648K
  class space    used 15490K, committed 16576K, reserved 1048576K
}
Event: 27.962 GC heap before
{Heap before GC invocations=47 (full 0):
 garbage-first heap   total 214016K, used 174406K [0x0000000080000000, 0x0000000100000000)
  region size 1024K, 49 young (50176K), 7 survivors (7168K)
 Metaspace       used 114848K, committed 117056K, reserved 1179648K
  class space    used 15637K, committed 16768K, reserved 1048576K
}
Event: 27.967 GC heap after
{Heap after GC invocations=48 (full 0):
 garbage-first heap   total 214016K, used 128603K [0x0000000080000000, 0x0000000100000000)
  region size 1024K, 4 young (4096K), 4 survivors (4096K)
 Metaspace       used 114848K, committed 117056K, reserved 1179648K
  class space    used 15637K, committed 16768K, reserved 1048576K
}
Event: 28.911 GC heap before
{Heap before GC invocations=48 (full 0):
 garbage-first heap   total 214016K, used 195163K [0x0000000080000000, 0x0000000100000000)
  region size 1024K, 70 young (71680K), 4 survivors (4096K)
 Metaspace       used 116973K, committed 119232K, reserved 1179648K
  class space    used 15837K, committed 16960K, reserved 1048576K
}

