# JRE version: OpenJDK Runtime Environment (21.0.4) (build 21.0.4+-12508038-b607.1)
# Java VM: OpenJDK 64-Bit Server VM (21.0.4+-12508038-b607.1, mixed mode, tiered, compressed oops, compressed class ptrs, g1 gc, windows-amd64)
GC Precious Log:
 CardTable entry size: 512
 Card Set container configuration: InlinePtr #cards 5 size 8 Array Of Cards #cards 12 size 40 Howl #buckets 4 coarsen threshold 1843 Howl Bitmap #cards 512 size 80 coarsen threshold 460 Card regions per heap region 1 cards per card region 2048
 CPUs: 8 total, 8 available
 Memory: 8025M
 Large Page Support: Disabled
 NUMA Support: Disabled
 Compressed Oops: Enabled (32-bit)
 Heap Region Size: 1M
 Heap Min Capacity: 8M
 Heap Initial Capacity: 126M
 Heap Max Capacity: 2G
 Pre-touch: Disabled
 Parallel Workers: 8
 Concurrent Workers: 2
 Concurrent Refinement Workers: 8
 Periodic GC: Disabled
Heap:
 garbage-first heap   total 343040K, used 252141K [0x0000000080000000, 0x0000000100000000)
  region size 1024K, 53 young (54272K), 8 survivors (8192K)
 Metaspace       used 166155K, committed 168640K, reserved 1245184K
  class space    used 21777K, committed 23040K, reserved 1048576K
GC Heap History (20 events):
Event: 1164.210 GC heap before
{Heap before GC invocations=55 (full 0):
 garbage-first heap   total 236544K, used 175098K [0x0000000080000000, 0x0000000100000000)
  region size 1024K, 35 young (35840K), 8 survivors (8192K)
 Metaspace       used 124775K, committed 127168K, reserved 1179648K
  class space    used 16956K, committed 18176K, reserved 1048576K
}
Event: 1164.213 GC heap after
{Heap after GC invocations=56 (full 0):
 garbage-first heap   total 236544K, used 147094K [0x0000000080000000, 0x0000000100000000)
  region size 1024K, 2 young (2048K), 2 survivors (2048K)
 Metaspace       used 124775K, committed 127168K, reserved 1179648K
  class space    used 16956K, committed 18176K, reserved 1048576K
}
Event: 1165.172 GC heap before
{Heap before GC invocations=57 (full 0):
 garbage-first heap   total 249856K, used 226966K [0x0000000080000000, 0x0000000100000000)
  region size 1024K, 72 young (73728K), 2 survivors (2048K)
 Metaspace       used 133526K, committed 135872K, reserved 1179648K
  class space    used 17927K, committed 19136K, reserved 1048576K
}
Event: 1165.177 GC heap after
{Heap after GC invocations=58 (full 0):
 garbage-first heap   total 249856K, used 161180K [0x0000000080000000, 0x0000000100000000)
  region size 1024K, 9 young (9216K), 9 survivors (9216K)
 Metaspace       used 133526K, committed 135872K, reserved 1179648K
  class space    used 17927K, committed 19136K, reserved 1048576K
}
Event: 1165.844 GC heap before
{Heap before GC invocations=58 (full 0):
 garbage-first heap   total 249856K, used 232860K [0x0000000080000000, 0x0000000100000000)
  region size 1024K, 73 young (74752K), 9 survivors (9216K)
 Metaspace       used 140420K, committed 142784K, reserved 1179648K
  class space    used 18568K, committed 19776K, reserved 1048576K
}
Event: 1165.856 GC heap after
{Heap after GC invocations=59 (full 0):
 garbage-first heap   total 260096K, used 166862K [0x0000000080000000, 0x0000000100000000)
  region size 1024K, 9 young (9216K), 9 survivors (9216K)
 Metaspace       used 140420K, committed 142784K, reserved 1179648K
  class space    used 18568K, committed 19776K, reserved 1048576K
}
Event: 1166.548 GC heap before
{Heap before GC invocations=59 (full 0):
 garbage-first heap   total 260096K, used 234446K [0x0000000080000000, 0x0000000100000000)
  region size 1024K, 75 young (76800K), 9 survivors (9216K)
 Metaspace       used 145955K, committed 148288K, reserved 1179648K
  class space    used 19313K, committed 20480K, reserved 1048576K
}
Event: 1166.555 GC heap after
{Heap after GC invocations=60 (full 0):
 garbage-first heap   total 260096K, used 172418K [0x0000000080000000, 0x0000000100000000)
  region size 1024K, 5 young (5120K), 5 survivors (5120K)
 Metaspace       used 145955K, committed 148288K, reserved 1179648K
  class space    used 19313K, committed 20480K, reserved 1048576K
}
Event: 1173.531 GC heap before
{Heap before GC invocations=61 (full 0):
 garbage-first heap   total 288768K, used 242050K [0x0000000080000000, 0x0000000100000000)
  region size 1024K, 69 young (70656K), 5 survivors (5120K)
 Metaspace       used 147857K, committed 150144K, reserved 1179648K
  class space    used 19429K, committed 20608K, reserved 1048576K
}
Event: 1173.538 GC heap after
{Heap after GC invocations=62 (full 0):
 garbage-first heap   total 288768K, used 174375K [0x0000000080000000, 0x0000000100000000)
  region size 1024K, 9 young (9216K), 9 survivors (9216K)
 Metaspace       used 147857K, committed 150144K, reserved 1179648K
  class space    used 19429K, committed 20608K, reserved 1048576K
}
Event: 1174.616 GC heap before
{Heap before GC invocations=62 (full 0):
 garbage-first heap   total 288768K, used 266535K [0x0000000080000000, 0x0000000100000000)
  region size 1024K, 96 young (98304K), 9 survivors (9216K)
 Metaspace       used 150038K, committed 152384K, reserved 1245184K
  class space    used 19741K, committed 20928K, reserved 1048576K
}
Event: 1174.633 GC heap after
{Heap after GC invocations=63 (full 0):
 garbage-first heap   total 288768K, used 180868K [0x0000000080000000, 0x0000000100000000)
  region size 1024K, 12 young (12288K), 12 survivors (12288K)
 Metaspace       used 150038K, committed 152384K, reserved 1245184K
  class space    used 19741K, committed 20928K, reserved 1048576K
}
Event: 1175.005 GC heap before
{Heap before GC invocations=63 (full 0):
 garbage-first heap   total 288768K, used 259716K [0x0000000080000000, 0x0000000100000000)
  region size 1024K, 90 young (92160K), 12 survivors (12288K)
 Metaspace       used 150212K, committed 152576K, reserved 1245184K
  class space    used 19776K, committed 20992K, reserved 1048576K
}
Event: 1175.016 GC heap after
{Heap after GC invocations=64 (full 0):
 garbage-first heap   total 288768K, used 183318K [0x0000000080000000, 0x0000000100000000)
  region size 1024K, 6 young (6144K), 6 survivors (6144K)
 Metaspace       used 150212K, committed 152576K, reserved 1245184K
  class space    used 19776K, committed 20992K, reserved 1048576K
}
Event: 1176.064 GC heap before
{Heap before GC invocations=65 (full 0):
 garbage-first heap   total 307200K, used 271382K [0x0000000080000000, 0x0000000100000000)
  region size 1024K, 87 young (89088K), 6 survivors (6144K)
 Metaspace       used 152616K, committed 155136K, reserved 1245184K
  class space    used 19927K, committed 21184K, reserved 1048576K
}
Event: 1176.077 GC heap after
{Heap after GC invocations=66 (full 0):
 garbage-first heap   total 307200K, used 206385K [0x0000000080000000, 0x0000000100000000)
  region size 1024K, 11 young (11264K), 11 survivors (11264K)
 Metaspace       used 152616K, committed 155136K, reserved 1245184K
  class space    used 19927K, committed 21184K, reserved 1048576K
}
Event: 1176.881 GC heap before
{Heap before GC invocations=66 (full 0):
 garbage-first heap   total 307200K, used 274993K [0x0000000080000000, 0x0000000100000000)
  region size 1024K, 78 young (79872K), 11 survivors (11264K)
 Metaspace       used 161273K, committed 163712K, reserved 1245184K
  class space    used 21033K, committed 22272K, reserved 1048576K
}
Event: 1176.892 GC heap after
{Heap after GC invocations=67 (full 0):
 garbage-first heap   total 307200K, used 200388K [0x0000000080000000, 0x0000000100000000)
  region size 1024K, 4 young (4096K), 4 survivors (4096K)
 Metaspace       used 161273K, committed 163712K, reserved 1245184K
  class space    used 21033K, committed 22272K, reserved 1048576K
}
Event: 1177.862 GC heap before
{Heap before GC invocations=67 (full 0):
 garbage-first heap   total 307200K, used 277188K [0x0000000080000000, 0x0000000100000000)
  region size 1024K, 79 young (80896K), 4 survivors (4096K)
 Metaspace       used 165779K, committed 168256K, reserved 1245184K
  class space    used 21723K, committed 22976K, reserved 1048576K
}
Event: 1177.868 GC heap after
{Heap after GC invocations=68 (full 0):
 garbage-first heap   total 307200K, used 205037K [0x0000000080000000, 0x0000000100000000)
  region size 1024K, 8 young (8192K), 8 survivors (8192K)
 Metaspace       used 165779K, committed 168256K, reserved 1245184K
  class space    used 21723K, committed 22976K, reserved 1048576K
}

